07-Feb-2026 00:12:32.000 INFO [main] org.apache.catalina.core.ApplicationContext.log ContextListener: contextInitialized()
07-Feb-2026 00:12:32.001 INFO [main] org.apache.catalina.core.ApplicationContext.log SessionListener: contextInitialized()
07-Feb-2026 00:12:32.004 INFO [main] org.apache.catalina.core.ApplicationContext.log ContextListener: attributeAdded('StockTicker', 'async.Stockticker@21abda60')
07-Feb-2026 00:19:27.058 INFO [Thread-1] org.apache.catalina.core.ApplicationContext.log SessionListener: contextDestroyed()
07-Feb-2026 00:19:27.058 INFO [Thread-1] org.apache.catalina.core.ApplicationContext.log ContextListener: contextDestroyed()
07-Feb-2026 00:19:37.829 INFO [main] org.apache.catalina.core.ApplicationContext.log ContextListener: contextInitialized()
07-Feb-2026 00:19:37.829 INFO [main] org.apache.catalina.core.ApplicationContext.log SessionListener: contextInitialized()
07-Feb-2026 00:19:37.832 INFO [main] org.apache.catalina.core.ApplicationContext.log ContextListener: attributeAdded('StockTicker', 'async.Stockticker@3de8f85c')
07-Feb-2026 00:41:45.681 INFO [Thread-1] org.apache.catalina.core.ApplicationContext.log SessionListener: contextDestroyed()
07-Feb-2026 00:41:45.681 INFO [Thread-1] org.apache.catalina.core.ApplicationContext.log ContextListener: contextDestroyed()
07-Feb-2026 00:48:22.642 INFO [main] org.apache.catalina.core.ApplicationContext.log ContextListener: contextInitialized()
07-Feb-2026 00:48:22.643 INFO [main] org.apache.catalina.core.ApplicationContext.log SessionListener: contextInitialized()
07-Feb-2026 00:48:22.648 INFO [main] org.apache.catalina.core.ApplicationContext.log ContextListener: attributeAdded('StockTicker', 'async.Stockticker@5f7cd50e')
07-Feb-2026 01:03:11.709 INFO [Thread-1] org.apache.catalina.core.ApplicationContext.log SessionListener: contextDestroyed()
07-Feb-2026 01:03:11.710 INFO [Thread-1] org.apache.catalina.core.ApplicationContext.log ContextListener: contextDestroyed()
07-Feb-2026 01:03:22.582 INFO [main] org.apache.catalina.core.ApplicationContext.log ContextListener: contextInitialized()
07-Feb-2026 01:03:22.583 INFO [main] org.apache.catalina.core.ApplicationContext.log SessionListener: contextInitialized()
07-Feb-2026 01:03:22.586 INFO [main] org.apache.catalina.core.ApplicationContext.log ContextListener: attributeAdded('StockTicker', 'async.Stockticker@362a6aa5')
07-Feb-2026 01:31:35.902 INFO [Thread-1] org.apache.catalina.core.ApplicationContext.log SessionListener: contextDestroyed()
07-Feb-2026 01:31:35.902 INFO [Thread-1] org.apache.catalina.core.ApplicationContext.log ContextListener: contextDestroyed()
07-Feb-2026 01:31:46.791 INFO [main] org.apache.catalina.core.ApplicationContext.log ContextListener: contextInitialized()
07-Feb-2026 01:31:46.792 INFO [main] org.apache.catalina.core.ApplicationContext.log SessionListener: contextInitialized()
07-Feb-2026 01:31:46.797 INFO [main] org.apache.catalina.core.ApplicationContext.log ContextListener: attributeAdded('StockTicker', 'async.Stockticker@61554b6b')
